126
_	0.9375	0.6085858	0.9801829	0.6338384	-0.5	18.5	13
_	0.9375	0.6085858	0.9801829	0.6338384	-0.5	18.5	13
_	0.9375	0.6085858	0.9801829	0.6338384	-0.5	18.5	13
_	0.9375	0.6085858	0.9801829	0.6338384	-0.5	18.5	13
_	0.9375	0.6085858	0.9801829	0.6338384	-0.5	18.5	13
_	0.9375	0.6085858	0.9801829	0.6338384	-0.5	18.5	13
_	0.9375	0.6085858	0.9801829	0.6338384	-0.5	18.5	13
_	0.9375	0.6085858	0.9801829	0.6338384	-0.5	18.5	13
_	0.9375	0.6085858	0.9801829	0.6338384	-0.5	18.5	13
_	0.9375	0.6085858	0.9801829	0.6338384	-0.5	18.5	13
_	0.9375	0.6085858	0.9801829	0.6338384	-0.5	18.5	13
_	0.9375	0.6085858	0.9801829	0.6338384	-0.5	18.5	13
_	0.9375	0.6085858	0.9801829	0.6338384	-0.5	18.5	13
_	0.9375	0.6085858	0.9801829	0.6338384	-0.5	18.5	13
_	0.9375	0.6085858	0.9801829	0.6338384	-0.5	18.5	13
_	0.9375	0.6085858	0.9801829	0.6338384	-0.5	18.5	13
_	0.9375	0.6085858	0.9801829	0.6338384	-0.5	18.5	13
_	0.9375	0.6085858	0.9801829	0.6338384	-0.5	18.5	13
_	0.9375	0.6085858	0.9801829	0.6338384	-0.5	18.5	13
_	0.9375	0.6085858	0.9801829	0.6338384	-0.5	18.5	13
_	0.9375	0.6085858	0.9801829	0.6338384	-0.5	18.5	13
_	0.9375	0.6085858	0.9801829	0.6338384	-0.5	18.5	13
_	0.9375	0.6085858	0.9801829	0.6338384	-0.5	18.5	13
_	0.9375	0.6085858	0.9801829	0.6338384	-0.5	18.5	13
_	0.9375	0.6085858	0.9801829	0.6338384	-0.5	18.5	13
_	0.9375	0.6085858	0.9801829	0.6338384	-0.5	18.5	13
_	0.9375	0.6085858	0.9801829	0.6338384	-0.5	18.5	13
_	0.9375	0.6085858	0.9801829	0.6338384	-0.5	18.5	13
_	0.9375	0.6085858	0.9801829	0.6338384	-0.5	18.5	13
_	0.9375	0.6085858	0.9801829	0.6338384	-0.5	18.5	13
_	0.9375	0.6085858	0.9801829	0.6338384	-0.5	18.5	13
_	0.9375	0.6085858	0.9801829	0.6338384	-0.5	18.5	13
 	0.01676829	0.1338384	0.06859756	0.1439394	-0.5	20.5	16
!	0.08384147	0.0530303	0.1051829	0.1439394	-0.5	4.5	6
"	0.1204268	0.0530303	0.1509146	0.1439394	-0.5	4.5	9
#	0.1661585	0.05808081	0.2118903	0.1439394	-0.5	5.5	14
$	0.2271342	0.0530303	0.2637195	0.1439394	-0.5	4.5	11
%	0.2789634	0.0479798	0.3307927	0.1439394	-0.5	3.5	16
&	0.3460366	0.0530303	0.4070122	0.1439394	-0.5	4.5	19
'	0.4222561	0.0530303	0.4405488	0.1439394	-0.5	4.5	5
(	0.4557927	0.0479798	0.4862805	0.1439394	-0.5	3.5	9
)	0.5015244	0.0479798	0.5320122	0.1439394	-0.5	3.5	9
*	0.5472561	0.0530303	0.5868902	0.1439394	-0.5	4.5	12
+	0.6021342	0.06818182	0.6417683	0.1439394	-0.5	7.5	12
,	0.6570122	0.1085859	0.6814024	0.1439394	-0.5	15.5	7
-	0.6966463	0.07323232	0.7240854	0.1439394	-0.5	8.5	8
.	0.7393293	0.1085859	0.7606707	0.1439394	-0.5	15.5	6
/	0.7759146	0.0479798	0.8246951	0.1439394	-0.5	3.5	15
0	0.01676829	0.2247475	0.06554878	0.3055556	-0.5	6.5	15
1	0.08079268	0.2146465	0.1112805	0.3055556	-0.5	4.5	9
2	0.1265244	0.2146465	0.1722561	0.3055556	-0.5	4.5	14
3	0.1875	0.2146465	0.2210366	0.3055556	-0.5	4.5	10
4	0.2362805	0.2146465	0.2820122	0.3055556	-0.5	4.5	14
5	0.2972561	0.2146465	0.3338415	0.3055556	-0.5	4.5	11
6	0.3490854	0.2146465	0.3887195	0.3055556	-0.5	4.5	12
7	0.4039634	0.219697	0.4466463	0.3055556	-0.5	5.5	13
8	0.4618903	0.2146465	0.5015244	0.3055556	-0.5	4.5	12
9	0.5167683	0.2146465	0.5564024	0.3055556	-0.5	4.5	12
:	0.5716463	0.2348485	0.5929878	0.3055556	-0.5	8.5	6
;	0.6082317	0.2348485	0.6326219	0.3055556	-0.5	8.5	7
<	0.6478658	0.2348485	0.6814024	0.3055556	-0.5	8.5	10
=	0.6966463	0.239899	0.7362805	0.3055556	-0.5	9.5	12
>	0.7515244	0.2348485	0.785061	0.3055556	-0.5	8.5	10
?	0.8003049	0.2146465	0.8338414	0.3055556	-0.5	4.5	10
@	0.01676829	0.3762626	0.07164634	0.4671717	-0.5	4.5	17
A	0.08689024	0.3762626	0.1417683	0.4671717	-0.5	4.5	17
B	0.1570122	0.3712121	0.1935976	0.4671717	-0.5	3.5	11
C	0.2088415	0.3712121	0.2576219	0.4671717	-0.5	3.5	15
D	0.2728659	0.3712121	0.3246951	0.4671717	-0.5	3.5	16
E	0.339939	0.3712121	0.3765244	0.4671717	-0.5	3.5	11
F	0.3917683	0.3712121	0.4283537	0.4671717	-0.5	3.5	11
G	0.4435976	0.3712121	0.4923781	0.4671717	-0.5	3.5	15
H	0.5076219	0.3712121	0.5625	0.4671717	-0.5	3.5	17
I	0.5777439	0.3762626	0.5990854	0.4671717	-0.5	4.5	6
J	0.6143293	0.3762626	0.6448171	0.4671717	-0.5	4.5	9
K	0.660061	0.3712121	0.7088414	0.4671717	-0.5	3.5	15
L	0.7240854	0.3712121	0.7606707	0.4671717	-0.5	3.5	11
M	0.7759146	0.3762626	0.839939	0.4671717	-0.5	4.5	20
N	0.8551829	0.3762626	0.9131098	0.4671717	-0.5	4.5	18
O	0.9283537	0.3712121	0.9832317	0.4671717	-0.5	3.5	17
P	0.01676829	0.5328283	0.05640244	0.6287879	-0.5	3.5	12
Q	0.07164634	0.5328283	0.1295732	0.6287879	-0.5	3.5	18
R	0.1448171	0.5328283	0.1875	0.6287879	-0.5	3.5	13
S	0.2027439	0.5328283	0.2393293	0.6287879	-0.5	3.5	11
T	0.2545732	0.5328283	0.3033537	0.6287879	-0.5	3.5	15
U	0.3185976	0.5378788	0.3734756	0.6287879	-0.5	4.5	17
V	0.3887195	0.5328283	0.4435976	0.6287879	-0.5	3.5	17
W	0.4588415	0.5328283	0.5228658	0.6287879	-0.5	3.5	20
X	0.5381098	0.5328283	0.589939	0.6287879	-0.5	3.5	16
Y	0.6051829	0.5328283	0.6509146	0.6287879	-0.5	3.5	14
Z	0.6661586	0.5378788	0.7179878	0.6287879	-0.5	4.5	16
[	0.7332317	0.5328283	0.7606707	0.6287879	-0.5	3.5	8
\	0.7759146	0.5328283	0.8246951	0.6287879	-0.5	3.5	15
]	0.839939	0.5328283	0.8673781	0.6287879	-0.5	3.5	8
^	0.8826219	0.5378788	0.9222561	0.6287879	-0.5	4.5	12
_	0.9375	0.6085858	0.9801829	0.6338384	-0.5	18.5	13
`	0.01676829	0.6742424	0.04420732	0.790404	-0.5	-0.5	8
a	0.05945122	0.709596	0.1082317	0.790404	-0.5	6.5	15
b	0.1234756	0.709596	0.1631097	0.790404	-0.5	6.5	12
c	0.1783537	0.7146465	0.2240854	0.790404	-0.5	7.5	14
d	0.2393293	0.709596	0.285061	0.790404	-0.5	6.5	14
e	0.3003049	0.709596	0.3368903	0.790404	-0.5	6.5	11
f	0.3521341	0.709596	0.3887195	0.790404	-0.5	6.5	11
g	0.4039634	0.7146465	0.4496951	0.790404	-0.5	7.5	14
h	0.464939	0.709596	0.5137195	0.790404	-0.5	6.5	15
i	0.5289634	0.709596	0.5503049	0.790404	-0.5	6.5	6
j	0.5655488	0.709596	0.5929878	0.790404	-0.5	6.5	8
k	0.6082317	0.709596	0.6539634	0.790404	-0.5	6.5	14
l	0.6692073	0.709596	0.7057927	0.790404	-0.5	6.5	11
m	0.7210366	0.709596	0.785061	0.790404	-0.5	6.5	20
n	0.8003049	0.709596	0.8521342	0.790404	-0.5	6.5	16
o	0.8673781	0.7146465	0.9161586	0.790404	-0.5	7.5	15
p	0.01676829	0.8712121	0.05335366	0.9520202	-0.5	6.5	11
q	0.06859756	0.8762626	0.1204268	0.9520202	-0.5	7.5	16
r	0.1356707	0.8712121	0.1783537	0.9520202	-0.5	6.5	13
s	0.1935976	0.8712121	0.2271342	0.9520202	-0.5	6.5	10
t	0.2423781	0.8712121	0.285061	0.9520202	-0.5	6.5	13
u	0.3003049	0.8712121	0.3490854	0.9520202	-0.5	6.5	15
v	0.3643293	0.8712121	0.410061	0.9520202	-0.5	6.5	14
w	0.4253049	0.8712121	0.4893293	0.9520202	-0.5	6.5	20
x	0.5045732	0.8712121	0.5533537	0.9520202	-0.5	6.5	15
y	0.5685976	0.8712121	0.6143293	0.9520202	-0.5	6.5	14
z	0.6295732	0.8712121	0.6753049	0.9520202	-0.5	6.5	14
{	0.6905488	0.8560606	0.7240854	0.9520202	-0.5	3.5	10
|	0.7393293	0.8560606	0.7576219	0.9621212	-0.5	3.5	5
}	0.7728658	0.8560606	0.8094512	0.9520202	-0.5	3.5	11
24
-1	0
0.632
_