126
_	0.9447791	0.6200565	0.9869478	0.6370056	0.5	38.5	22
_	0.9447791	0.6200565	0.9869478	0.6370056	0.5	38.5	22
_	0.9447791	0.6200565	0.9869478	0.6370056	0.5	38.5	22
_	0.9447791	0.6200565	0.9869478	0.6370056	0.5	38.5	22
_	0.9447791	0.6200565	0.9869478	0.6370056	0.5	38.5	22
_	0.9447791	0.6200565	0.9869478	0.6370056	0.5	38.5	22
_	0.9447791	0.6200565	0.9869478	0.6370056	0.5	38.5	22
_	0.9447791	0.6200565	0.9869478	0.6370056	0.5	38.5	22
_	0.9447791	0.6200565	0.9869478	0.6370056	0.5	38.5	22
_	0.9447791	0.6200565	0.9869478	0.6370056	0.5	38.5	22
_	0.9447791	0.6200565	0.9869478	0.6370056	0.5	38.5	22
_	0.9447791	0.6200565	0.9869478	0.6370056	0.5	38.5	22
_	0.9447791	0.6200565	0.9869478	0.6370056	0.5	38.5	22
_	0.9447791	0.6200565	0.9869478	0.6370056	0.5	38.5	22
_	0.9447791	0.6200565	0.9869478	0.6370056	0.5	38.5	22
_	0.9447791	0.6200565	0.9869478	0.6370056	0.5	38.5	22
_	0.9447791	0.6200565	0.9869478	0.6370056	0.5	38.5	22
_	0.9447791	0.6200565	0.9869478	0.6370056	0.5	38.5	22
_	0.9447791	0.6200565	0.9869478	0.6370056	0.5	38.5	22
_	0.9447791	0.6200565	0.9869478	0.6370056	0.5	38.5	22
_	0.9447791	0.6200565	0.9869478	0.6370056	0.5	38.5	22
_	0.9447791	0.6200565	0.9869478	0.6370056	0.5	38.5	22
_	0.9447791	0.6200565	0.9869478	0.6370056	0.5	38.5	22
_	0.9447791	0.6200565	0.9869478	0.6370056	0.5	38.5	22
_	0.9447791	0.6200565	0.9869478	0.6370056	0.5	38.5	22
_	0.9447791	0.6200565	0.9869478	0.6370056	0.5	38.5	22
_	0.9447791	0.6200565	0.9869478	0.6370056	0.5	38.5	22
_	0.9447791	0.6200565	0.9869478	0.6370056	0.5	38.5	22
_	0.9447791	0.6200565	0.9869478	0.6370056	0.5	38.5	22
_	0.9447791	0.6200565	0.9869478	0.6370056	0.5	38.5	22
_	0.9447791	0.6200565	0.9869478	0.6370056	0.5	38.5	22
_	0.9447791	0.6200565	0.9869478	0.6370056	0.5	38.5	22
 	0	0	0	0	0	0	23
!	0.07128514	0.04378531	0.0873494	0.1313559	0.5	8.5	9
"	0.1014056	0.04378531	0.12751	0.07485875	0.5	8.5	14
#	0.1415663	0.04943503	0.189759	0.1285311	0.5	10.5	25
$	0.2038153	0.04096045	0.2399598	0.1313559	0.5	7.5	19
%	0.2540161	0.04096045	0.310241	0.1313559	0.5	7.5	29
&	0.3242972	0.04378531	0.3905622	0.1313559	0.5	8.5	34
'	0.4046185	0.04378531	0.4166667	0.07485875	0.5	8.5	7
(	0.4307229	0.04096045	0.4548193	0.1398305	0.5	7.5	13
)	0.4688755	0.04096045	0.4929719	0.1398305	0.5	7.5	13
*	0.5070281	0.04378531	0.5431727	0.09180791	0.5	8.5	19
+	0.5572289	0.06355932	0.5973896	0.1228814	0.5	15.5	21
,	0.6114458	0.1087571	0.6315261	0.1426554	0.5	31.5	11
-	0.6435743	0.08615819	0.6696787	0.1059322	-0.5	23.5	12
.	0.6817269	0.1059322	0.6977912	0.1285311	0.5	30.5	9
/	0.7118474	0.04096045	0.7640562	0.1313559	0.5	7.5	27
0	0.01305221	0.2189265	0.06526104	0.2951977	0.5	12.5	27
1	0.07931727	0.210452	0.1074297	0.2923729	0.5	9.5	15
2	0.1214859	0.210452	0.1676707	0.2923729	0.5	9.5	24
3	0.1817269	0.210452	0.2118474	0.2951977	0.5	9.5	16
4	0.2259036	0.210452	0.2720883	0.2923729	0.5	9.5	24
5	0.2861446	0.210452	0.3202811	0.2923729	0.5	9.5	18
6	0.3343374	0.2076271	0.37249	0.2923729	0.5	8.5	20
7	0.3865462	0.2132768	0.4287149	0.2951977	0.5	10.5	22
8	0.4427711	0.210452	0.4809237	0.2923729	0.5	9.5	20
9	0.4949799	0.210452	0.5351406	0.2951977	0.5	9.5	21
:	0.5491968	0.2330509	0.5652611	0.2923729	0.5	17.5	9
;	0.5793173	0.2330509	0.5993976	0.3064972	0.5	17.5	11
<	0.6134538	0.230226	0.6455823	0.2867232	0.5	16.5	17
=	0.6596386	0.2358757	0.6977912	0.2810735	0.5	18.5	20
>	0.7118474	0.230226	0.7439759	0.2867232	0.5	16.5	17
?	0.7580321	0.2076271	0.7901607	0.2951977	0.5	8.5	17
@	0.01305221	0.3714689	0.07128514	0.4562147	0.5	8.5	30
A	0.08534136	0.3714689	0.1455823	0.4590395	0.5	8.5	31
B	0.1596386	0.3686441	0.1957831	0.4562147	0.5	7.5	19
C	0.2098394	0.3686441	0.2620482	0.4590395	0.5	7.5	27
D	0.2761044	0.3686441	0.3303213	0.4562147	0.5	7.5	28
E	0.3443775	0.3686441	0.3785141	0.4562147	0.5	7.5	18
F	0.3925703	0.3686441	0.4246988	0.4562147	0.5	7.5	17
G	0.438755	0.3686441	0.4929719	0.4590395	0.5	7.5	28
H	0.5070281	0.3686441	0.563253	0.4562147	0.5	7.5	29
I	0.5773093	0.3686441	0.5913655	0.4562147	0.5	7.5	8
J	0.6054217	0.3686441	0.6295181	0.470339	0.5	7.5	13
K	0.6435743	0.3686441	0.6957831	0.4618644	0.5	7.5	27
L	0.7098393	0.3686441	0.7439759	0.4590395	0.5	7.5	18
M	0.7580321	0.3686441	0.8283132	0.4562147	0.5	7.5	36
N	0.8423695	0.3686441	0.9066265	0.4618644	0.5	7.5	33
O	0.9206827	0.3686441	0.9829317	0.4562147	0.5	7.5	32
P	0.01305221	0.5324859	0.04718876	0.6200565	0.5	7.5	18
Q	0.06124498	0.5324859	0.125502	0.6257062	0.5	7.5	33
R	0.1395582	0.5324859	0.1837349	0.6200565	0.5	7.5	23
S	0.1977912	0.5324859	0.2339357	0.6228814	0.5	7.5	19
T	0.247992	0.5324859	0.2981928	0.6200565	0.5	7.5	26
U	0.312249	0.5353107	0.3684739	0.6228814	0.5	8.5	29
V	0.3825301	0.5324859	0.4427711	0.6200565	0.5	7.5	31
W	0.4568273	0.5324859	0.5311245	0.6228814	0.5	7.5	38
X	0.5451807	0.5324859	0.6014056	0.6228814	0.5	7.5	29
Y	0.6154618	0.5324859	0.6656626	0.6200565	0.5	7.5	26
Z	0.6797189	0.5353107	0.7359438	0.6200565	0.5	8.5	29
[	0.75	0.5324859	0.7720883	0.6313559	0.5	7.5	12
\	0.7861446	0.5324859	0.8383534	0.6228814	0.5	7.5	27
]	0.8524097	0.5324859	0.876506	0.6341808	0.5	7.5	13
^	0.8905622	0.5353107	0.9307229	0.5776836	0.5	8.5	21
_	0.9447791	0.6200565	0.9869478	0.6370056	0.5	38.5	22
`	0.01305221	0.6737288	0.03514056	0.7019774	0.5	-0.5	12
a	0.04919679	0.7132769	0.1014056	0.7838983	0.5	13.5	27
b	0.1154618	0.7132769	0.1495984	0.7838983	0.5	13.5	18
c	0.1636546	0.7161017	0.2118474	0.7838983	0.5	14.5	25
d	0.2259036	0.7161017	0.2740964	0.7838983	0.5	14.5	25
e	0.2881526	0.7132769	0.3202811	0.7867231	0.5	13.5	17
f	0.3343374	0.7132769	0.3664659	0.7838983	0.5	13.5	17
g	0.3805221	0.7161017	0.4267068	0.7838983	0.5	14.5	24
h	0.4407631	0.7132769	0.4929719	0.7867231	0.5	13.5	27
i	0.5070281	0.7132769	0.5210843	0.7838983	0.5	13.5	8
j	0.5351406	0.7132769	0.5552209	0.7923729	0.5	13.5	11
k	0.5692771	0.7132769	0.6154618	0.7867231	0.5	13.5	24
l	0.6295181	0.7161017	0.6636546	0.7867231	0.5	14.5	18
m	0.6777108	0.7132769	0.745984	0.7838983	0.5	13.5	35
n	0.7600402	0.7132769	0.8182731	0.7867231	0.5	13.5	30
o	0.8323293	0.7161017	0.8845382	0.7838983	0.5	14.5	27
p	0.01305221	0.8799435	0.04919679	0.9477401	0.5	14.5	19
q	0.06325302	0.8799435	0.1214859	0.9533898	0.5	14.5	30
r	0.1355422	0.8799435	0.1757028	0.950565	0.5	14.5	21
s	0.189759	0.8771186	0.2218875	0.950565	0.5	13.5	17
t	0.2359438	0.8771186	0.2821285	0.9477401	0.5	13.5	24
u	0.2961847	0.8771186	0.3483936	0.950565	0.5	13.5	27
v	0.3624498	0.8771186	0.4106426	0.950565	0.5	13.5	25
w	0.4246988	0.8771186	0.4949799	0.950565	0.5	13.5	36
x	0.5090361	0.8771186	0.5572289	0.950565	0.5	13.5	25
y	0.5712851	0.8771186	0.6174699	0.9477401	0.5	13.5	24
z	0.6315261	0.8771186	0.6777108	0.9477401	0.5	13.5	24
{	0.6917671	0.8601695	0.7238956	0.9590396	0.5	7.5	17
|	0.7379518	0.8573446	0.75	0.9675141	0.5	6.5	7
}	0.7640562	0.8601695	0.7961847	0.9590396	0.5	7.5	17
45
-1	0
0.632
_