126
_	0.9430993	0.6177536	0.9842615	0.6358696	0.5	28.5	18
_	0.9430993	0.6177536	0.9842615	0.6358696	0.5	28.5	18
_	0.9430993	0.6177536	0.9842615	0.6358696	0.5	28.5	18
_	0.9430993	0.6177536	0.9842615	0.6358696	0.5	28.5	18
_	0.9430993	0.6177536	0.9842615	0.6358696	0.5	28.5	18
_	0.9430993	0.6177536	0.9842615	0.6358696	0.5	28.5	18
_	0.9430993	0.6177536	0.9842615	0.6358696	0.5	28.5	18
_	0.9430993	0.6177536	0.9842615	0.6358696	0.5	28.5	18
_	0.9430993	0.6177536	0.9842615	0.6358696	0.5	28.5	18
_	0.9430993	0.6177536	0.9842615	0.6358696	0.5	28.5	18
_	0.9430993	0.6177536	0.9842615	0.6358696	0.5	28.5	18
_	0.9430993	0.6177536	0.9842615	0.6358696	0.5	28.5	18
_	0.9430993	0.6177536	0.9842615	0.6358696	0.5	28.5	18
_	0.9430993	0.6177536	0.9842615	0.6358696	0.5	28.5	18
_	0.9430993	0.6177536	0.9842615	0.6358696	0.5	28.5	18
_	0.9430993	0.6177536	0.9842615	0.6358696	0.5	28.5	18
_	0.9430993	0.6177536	0.9842615	0.6358696	0.5	28.5	18
_	0.9430993	0.6177536	0.9842615	0.6358696	0.5	28.5	18
_	0.9430993	0.6177536	0.9842615	0.6358696	0.5	28.5	18
_	0.9430993	0.6177536	0.9842615	0.6358696	0.5	28.5	18
_	0.9430993	0.6177536	0.9842615	0.6358696	0.5	28.5	18
_	0.9430993	0.6177536	0.9842615	0.6358696	0.5	28.5	18
_	0.9430993	0.6177536	0.9842615	0.6358696	0.5	28.5	18
_	0.9430993	0.6177536	0.9842615	0.6358696	0.5	28.5	18
_	0.9430993	0.6177536	0.9842615	0.6358696	0.5	28.5	18
_	0.9430993	0.6177536	0.9842615	0.6358696	0.5	28.5	18
_	0.9430993	0.6177536	0.9842615	0.6358696	0.5	28.5	18
_	0.9430993	0.6177536	0.9842615	0.6358696	0.5	28.5	18
_	0.9430993	0.6177536	0.9842615	0.6358696	0.5	28.5	18
_	0.9430993	0.6177536	0.9842615	0.6358696	0.5	28.5	18
_	0.9430993	0.6177536	0.9842615	0.6358696	0.5	28.5	18
_	0.9430993	0.6177536	0.9842615	0.6358696	0.5	28.5	18
 	0	0	0	0	0	0	20
!	0.0786925	0.04528986	0.09564164	0.1322464	0.5	5.5	8
"	0.1125908	0.04528986	0.1392252	0.07789855	0.5	5.5	12
#	0.1561743	0.05253623	0.2021792	0.1286232	0.5	7.5	20
$	0.2191283	0.04528986	0.2530266	0.1322464	0.5	5.5	15
%	0.2699758	0.04528986	0.3208233	0.1322464	0.5	5.5	22
&	0.3377724	0.04528986	0.3983051	0.1322464	0.5	5.5	26
'	0.4152542	0.04528986	0.4273608	0.07789855	0.5	5.5	6
(	0.4443099	0.04166667	0.468523	0.1431159	0.5	4.5	11
)	0.4854721	0.04166667	0.5096852	0.1431159	0.5	4.5	11
*	0.5266344	0.04528986	0.5605327	0.09601449	0.5	5.5	15
+	0.5774819	0.06702898	0.6162227	0.125	0.5	11.5	17
,	0.6331719	0.1068841	0.6525424	0.1431159	0.5	22.5	9
-	0.6670702	0.08514493	0.6937046	0.1068841	-0.5	16.5	10
.	0.7082325	0.1068841	0.7251816	0.1322464	0.5	22.5	8
/	0.7421308	0.04528986	0.7905569	0.1322464	0.5	5.5	21
0	0.0157385	0.2192029	0.06416465	0.2952898	0.5	8.5	21
1	0.0811138	0.2119565	0.1101695	0.2952898	0.5	6.5	13
2	0.1271186	0.2119565	0.1707022	0.2952898	0.5	6.5	19
3	0.1876513	0.2119565	0.216707	0.2952898	0.5	6.5	13
4	0.2336562	0.2119565	0.2772397	0.2916667	0.5	6.5	19
5	0.2941889	0.2119565	0.3280872	0.2952898	0.5	6.5	15
6	0.3450363	0.2119565	0.3813559	0.2952898	0.5	6.5	16
7	0.3983051	0.2155797	0.4394673	0.2952898	0.5	7.5	18
8	0.4564165	0.2119565	0.4927361	0.2952898	0.5	6.5	16
9	0.5096852	0.2119565	0.5484262	0.2952898	0.5	6.5	17
:	0.5653753	0.2336957	0.5823244	0.2952898	0.5	12.5	8
;	0.5992736	0.2336957	0.6186441	0.3061594	0.5	12.5	9
<	0.6355932	0.2336957	0.6670702	0.2880435	0.5	12.5	14
=	0.6840194	0.2373188	0.720339	0.2844203	0.5	13.5	16
>	0.7372881	0.2336957	0.7687652	0.2880435	0.5	12.5	14
?	0.7857143	0.2083333	0.81477	0.2952898	0.5	5.5	13
@	0.0157385	0.375	0.06900726	0.4583333	0.5	6.5	23
A	0.08595642	0.3713768	0.1416465	0.4583333	0.5	5.5	24
B	0.1585956	0.3713768	0.1924939	0.4583333	0.5	5.5	15
C	0.2094431	0.3713768	0.2578692	0.4583333	0.5	5.5	21
D	0.2748184	0.3713768	0.3256659	0.4583333	0.5	5.5	22
E	0.342615	0.3713768	0.374092	0.4583333	0.5	5.5	14
F	0.3910412	0.3713768	0.4225182	0.4583333	0.5	5.5	14
G	0.4394673	0.3713768	0.4903148	0.4583333	0.5	5.5	22
H	0.5072639	0.3713768	0.5605327	0.4583333	0.5	5.5	23
I	0.5774819	0.3713768	0.5920097	0.4583333	0.5	5.5	7
J	0.6089588	0.3713768	0.6355932	0.4692029	0.5	5.5	12
K	0.6525424	0.3713768	0.7009685	0.4619565	0.5	5.5	21
L	0.7179177	0.3713768	0.7493947	0.4583333	0.5	5.5	14
M	0.7663438	0.3713768	0.8317191	0.4583333	0.5	5.5	28
N	0.8486683	0.3713768	0.9067796	0.4619565	0.5	5.5	25
O	0.9237288	0.3713768	0.9818402	0.4583333	0.5	5.5	25
P	0.0157385	0.5344203	0.0496368	0.6213768	0.5	5.5	15
Q	0.06658596	0.5344203	0.1271186	0.625	0.5	5.5	26
R	0.1440678	0.5344203	0.18523	0.6213768	0.5	5.5	18
S	0.2021792	0.5344203	0.2360775	0.6213768	0.5	5.5	15
T	0.2530266	0.5344203	0.3014528	0.6213768	0.5	5.5	21
U	0.3184019	0.5344203	0.3692494	0.6213768	0.5	5.5	22
V	0.3861986	0.5344203	0.4418886	0.6213768	0.5	5.5	24
W	0.4588378	0.5344203	0.5266344	0.6213768	0.5	5.5	29
X	0.5435835	0.5344203	0.594431	0.6213768	0.5	5.5	22
Y	0.6113802	0.5344203	0.6549637	0.6213768	0.5	5.5	19
Z	0.6719128	0.5344203	0.7251816	0.6213768	0.5	5.5	23
[	0.7421308	0.5344203	0.7663438	0.6322464	0.5	5.5	11
\	0.7832929	0.5344203	0.8317191	0.6213768	0.5	5.5	21
]	0.8486683	0.5344203	0.8728814	0.6322464	0.5	5.5	11
^	0.8898305	0.5344203	0.9261501	0.5815217	0.5	5.5	16
_	0.9430993	0.6177536	0.9842615	0.6358696	0.5	28.5	18
`	0.0157385	0.6757246	0.03753027	0.7047101	0.5	-0.5	10
a	0.05447942	0.7119565	0.1053269	0.7844203	0.5	9.5	22
b	0.122276	0.7119565	0.1561743	0.7844203	0.5	9.5	15
c	0.1731235	0.7155797	0.216707	0.7844203	0.5	10.5	19
d	0.2336562	0.7119565	0.279661	0.7844203	0.5	9.5	20
e	0.2966102	0.7119565	0.3280872	0.7844203	0.5	9.5	14
f	0.3450363	0.7119565	0.3765133	0.7844203	0.5	9.5	14
g	0.3934625	0.7155797	0.437046	0.7844203	0.5	10.5	19
h	0.4539952	0.7119565	0.5	0.7844203	0.5	9.5	20
i	0.5169492	0.7119565	0.531477	0.7844203	0.5	9.5	7
j	0.5484262	0.7119565	0.5677966	0.7916667	0.5	9.5	9
k	0.5847458	0.7119565	0.625908	0.7844203	0.5	9.5	18
l	0.6428571	0.7119565	0.6743342	0.7844203	0.5	9.5	14
m	0.6912833	0.7119565	0.7542373	0.7844203	0.5	9.5	27
n	0.7711864	0.7119565	0.8244552	0.7880435	0.5	9.5	23
o	0.8414044	0.7155797	0.8898305	0.7844203	0.5	10.5	21
p	0.0157385	0.875	0.0496368	0.9474638	0.5	9.5	15
q	0.06658596	0.8786232	0.1198547	0.9510869	0.5	10.5	23
r	0.1368039	0.875	0.1755448	0.9474638	0.5	9.5	17
s	0.1924939	0.875	0.2239709	0.9474638	0.5	9.5	14
t	0.2409201	0.875	0.2820823	0.9474638	0.5	9.5	18
u	0.2990315	0.875	0.3474576	0.9474638	0.5	9.5	21
v	0.3644068	0.875	0.4104116	0.9474638	0.5	9.5	20
w	0.4273608	0.875	0.4927361	0.9474638	0.5	9.5	28
x	0.5096852	0.875	0.5556901	0.9474638	0.5	9.5	20
y	0.5726392	0.875	0.6162227	0.9474638	0.5	9.5	19
z	0.6331719	0.875	0.6767554	0.9474638	0.5	9.5	19
{	0.6937046	0.8605072	0.7227603	0.9583333	0.5	5.5	13
|	0.7397094	0.8568841	0.751816	0.9655797	0.5	4.5	6
}	0.7687652	0.8605072	0.8002421	0.9583333	0.5	5.5	14
34
-1	0
0.632
_