126
_	0.9406779	0.6177536	0.9866828	0.6358696	-0.5	28.5	18
_	0.9406779	0.6177536	0.9866828	0.6358696	-0.5	28.5	18
_	0.9406779	0.6177536	0.9866828	0.6358696	-0.5	28.5	18
_	0.9406779	0.6177536	0.9866828	0.6358696	-0.5	28.5	18
_	0.9406779	0.6177536	0.9866828	0.6358696	-0.5	28.5	18
_	0.9406779	0.6177536	0.9866828	0.6358696	-0.5	28.5	18
_	0.9406779	0.6177536	0.9866828	0.6358696	-0.5	28.5	18
_	0.9406779	0.6177536	0.9866828	0.6358696	-0.5	28.5	18
_	0.9406779	0.6177536	0.9866828	0.6358696	-0.5	28.5	18
_	0.9406779	0.6177536	0.9866828	0.6358696	-0.5	28.5	18
_	0.9406779	0.6177536	0.9866828	0.6358696	-0.5	28.5	18
_	0.9406779	0.6177536	0.9866828	0.6358696	-0.5	28.5	18
_	0.9406779	0.6177536	0.9866828	0.6358696	-0.5	28.5	18
_	0.9406779	0.6177536	0.9866828	0.6358696	-0.5	28.5	18
_	0.9406779	0.6177536	0.9866828	0.6358696	-0.5	28.5	18
_	0.9406779	0.6177536	0.9866828	0.6358696	-0.5	28.5	18
_	0.9406779	0.6177536	0.9866828	0.6358696	-0.5	28.5	18
_	0.9406779	0.6177536	0.9866828	0.6358696	-0.5	28.5	18
_	0.9406779	0.6177536	0.9866828	0.6358696	-0.5	28.5	18
_	0.9406779	0.6177536	0.9866828	0.6358696	-0.5	28.5	18
_	0.9406779	0.6177536	0.9866828	0.6358696	-0.5	28.5	18
_	0.9406779	0.6177536	0.9866828	0.6358696	-0.5	28.5	18
_	0.9406779	0.6177536	0.9866828	0.6358696	-0.5	28.5	18
_	0.9406779	0.6177536	0.9866828	0.6358696	-0.5	28.5	18
_	0.9406779	0.6177536	0.9866828	0.6358696	-0.5	28.5	18
_	0.9406779	0.6177536	0.9866828	0.6358696	-0.5	28.5	18
_	0.9406779	0.6177536	0.9866828	0.6358696	-0.5	28.5	18
_	0.9406779	0.6177536	0.9866828	0.6358696	-0.5	28.5	18
_	0.9406779	0.6177536	0.9866828	0.6358696	-0.5	28.5	18
_	0.9406779	0.6177536	0.9866828	0.6358696	-0.5	28.5	18
_	0.9406779	0.6177536	0.9866828	0.6358696	-0.5	28.5	18
_	0.9406779	0.6177536	0.9866828	0.6358696	-0.5	28.5	18
 	0.01331719	0.1322464	0.06416465	0.1394928	-0.5	29.5	20
!	0.07627118	0.04528986	0.09806295	0.1394928	-0.5	5.5	8
"	0.1101695	0.04528986	0.1416465	0.1394928	-0.5	5.5	12
#	0.153753	0.05253623	0.2046005	0.1394928	-0.5	7.5	20
$	0.216707	0.04528986	0.255448	0.1394928	-0.5	5.5	15
%	0.2675545	0.04528986	0.3232445	0.1394928	-0.5	5.5	22
&	0.3353511	0.04528986	0.4007264	0.1394928	-0.5	5.5	26
'	0.4128329	0.04528986	0.4297821	0.1394928	-0.5	5.5	6
(	0.4418886	0.04166667	0.4709443	0.1431159	-0.5	4.5	11
)	0.4830509	0.04166667	0.5121065	0.1431159	-0.5	4.5	11
*	0.5242131	0.04528986	0.562954	0.1394928	-0.5	5.5	15
+	0.5750605	0.06702898	0.6186441	0.1394928	-0.5	11.5	17
,	0.6307506	0.1068841	0.6549637	0.1431159	-0.5	22.5	9
-	0.6670702	0.07065217	0.6937046	0.1394928	-0.5	12.5	10
.	0.7058111	0.1068841	0.7276029	0.1394928	-0.5	22.5	8
/	0.7397094	0.04528986	0.7929782	0.1394928	-0.5	5.5	21
0	0.01331719	0.2192029	0.06658596	0.3025362	-0.5	8.5	21
1	0.0786925	0.2119565	0.1125908	0.3025362	-0.5	6.5	13
2	0.1246973	0.2119565	0.1731235	0.3025362	-0.5	6.5	19
3	0.18523	0.2119565	0.2191283	0.3025362	-0.5	6.5	13
4	0.2312349	0.2119565	0.279661	0.3025362	-0.5	6.5	19
5	0.2917676	0.2119565	0.3305085	0.3025362	-0.5	6.5	15
6	0.342615	0.2119565	0.3837772	0.3025362	-0.5	6.5	16
7	0.3958838	0.2155797	0.4418886	0.3025362	-0.5	7.5	18
8	0.4539952	0.2119565	0.4951574	0.3025362	-0.5	6.5	16
9	0.5072639	0.2119565	0.5508475	0.3025362	-0.5	6.5	17
:	0.562954	0.2336957	0.5847458	0.3025362	-0.5	12.5	8
;	0.5968523	0.2336957	0.6210654	0.3061594	-0.5	12.5	9
<	0.6331719	0.2336957	0.6694915	0.3025362	-0.5	12.5	14
=	0.6815981	0.2373188	0.7227603	0.3025362	-0.5	13.5	16
>	0.7348669	0.2336957	0.7711864	0.3025362	-0.5	12.5	14
?	0.7832929	0.2083333	0.8171913	0.3025362	-0.5	5.5	13
@	0.01331719	0.375	0.07142857	0.4655797	-0.5	6.5	23
A	0.08353511	0.3713768	0.1440678	0.4655797	-0.5	5.5	24
B	0.1561743	0.3713768	0.1949152	0.4655797	-0.5	5.5	15
C	0.2070218	0.3713768	0.2602906	0.4655797	-0.5	5.5	21
D	0.2723971	0.3713768	0.3280872	0.4655797	-0.5	5.5	22
E	0.3401937	0.3713768	0.3765133	0.4655797	-0.5	5.5	14
F	0.3886198	0.3713768	0.4249395	0.4655797	-0.5	5.5	14
G	0.437046	0.3713768	0.4927361	0.4655797	-0.5	5.5	22
H	0.5048426	0.3713768	0.562954	0.4655797	-0.5	5.5	23
I	0.5750605	0.3713768	0.594431	0.4655797	-0.5	5.5	7
J	0.6065375	0.3713768	0.6380146	0.4692029	-0.5	5.5	12
K	0.6501211	0.3713768	0.7033898	0.4655797	-0.5	5.5	21
L	0.7154964	0.3713768	0.751816	0.4655797	-0.5	5.5	14
M	0.7639225	0.3713768	0.8341404	0.4655797	-0.5	5.5	28
N	0.846247	0.3713768	0.909201	0.4655797	-0.5	5.5	25
O	0.9213075	0.3713768	0.9842615	0.4655797	-0.5	5.5	25
P	0.01331719	0.5344203	0.05205811	0.6286232	-0.5	5.5	15
Q	0.06416465	0.5344203	0.12954	0.6286232	-0.5	5.5	26
R	0.1416465	0.5344203	0.1876513	0.6286232	-0.5	5.5	18
S	0.1997579	0.5344203	0.2384988	0.6286232	-0.5	5.5	15
T	0.2506053	0.5344203	0.3038741	0.6286232	-0.5	5.5	21
U	0.3159806	0.5344203	0.3716707	0.6286232	-0.5	5.5	22
V	0.3837772	0.5344203	0.4443099	0.6286232	-0.5	5.5	24
W	0.4564165	0.5344203	0.5290557	0.6286232	-0.5	5.5	29
X	0.5411623	0.5344203	0.5968523	0.6286232	-0.5	5.5	22
Y	0.6089588	0.5344203	0.657385	0.6286232	-0.5	5.5	19
Z	0.6694915	0.5344203	0.7276029	0.6286232	-0.5	5.5	23
[	0.7397094	0.5344203	0.7687652	0.6322464	-0.5	5.5	11
\	0.7808717	0.5344203	0.8341404	0.6286232	-0.5	5.5	21
]	0.846247	0.5344203	0.8753027	0.6322464	-0.5	5.5	11
^	0.8874092	0.5344203	0.9285714	0.6286232	-0.5	5.5	16
_	0.9406779	0.6177536	0.9866828	0.6358696	-0.5	28.5	18
`	0.01331719	0.6757246	0.03995157	0.7916667	-0.5	-0.5	10
a	0.05205811	0.7119565	0.1077482	0.7916667	-0.5	9.5	22
b	0.1198547	0.7119565	0.1585956	0.7916667	-0.5	9.5	15
c	0.1707022	0.7155797	0.2191283	0.7916667	-0.5	10.5	19
d	0.2312349	0.7119565	0.2820823	0.7916667	-0.5	9.5	20
e	0.2941889	0.7119565	0.3305085	0.7916667	-0.5	9.5	14
f	0.342615	0.7119565	0.3789346	0.7916667	-0.5	9.5	14
g	0.3910412	0.7155797	0.4394673	0.7916667	-0.5	10.5	19
h	0.4515738	0.7119565	0.5024213	0.7916667	-0.5	9.5	20
i	0.5145279	0.7119565	0.5338983	0.7916667	-0.5	9.5	7
j	0.5460048	0.7119565	0.5702179	0.7916667	-0.5	9.5	9
k	0.5823244	0.7119565	0.6283293	0.7916667	-0.5	9.5	18
l	0.6404358	0.7119565	0.6767554	0.7916667	-0.5	9.5	14
m	0.688862	0.7119565	0.7566586	0.7916667	-0.5	9.5	27
n	0.7687652	0.7119565	0.8268765	0.7916667	-0.5	9.5	23
o	0.8389831	0.7155797	0.8922518	0.7916667	-0.5	10.5	21
p	0.01331719	0.875	0.05205811	0.9547101	-0.5	9.5	15
q	0.06416465	0.8786232	0.122276	0.9547101	-0.5	10.5	23
r	0.1343826	0.875	0.1779661	0.9547101	-0.5	9.5	17
s	0.1900726	0.875	0.2263923	0.9547101	-0.5	9.5	14
t	0.2384988	0.875	0.2845036	0.9547101	-0.5	9.5	18
u	0.2966102	0.875	0.3498789	0.9547101	-0.5	9.5	21
v	0.3619855	0.875	0.4128329	0.9547101	-0.5	9.5	20
w	0.4249395	0.875	0.4951574	0.9547101	-0.5	9.5	28
x	0.5072639	0.875	0.5581114	0.9547101	-0.5	9.5	20
y	0.5702179	0.875	0.6186441	0.9547101	-0.5	9.5	19
z	0.6307506	0.875	0.6791767	0.9547101	-0.5	9.5	19
{	0.6912833	0.8605072	0.7251816	0.9583333	-0.5	5.5	13
|	0.7372881	0.8568841	0.7542373	0.9655797	-0.5	4.5	6
}	0.7663438	0.8605072	0.8026634	0.9583333	-0.5	5.5	14
34
-1	0
0.632
_