126
_	0.9440063	0.621308	0.9897476	0.6381857	0.5	49.5	30
_	0.9440063	0.621308	0.9897476	0.6381857	0.5	49.5	30
_	0.9440063	0.621308	0.9897476	0.6381857	0.5	49.5	30
_	0.9440063	0.621308	0.9897476	0.6381857	0.5	49.5	30
_	0.9440063	0.621308	0.9897476	0.6381857	0.5	49.5	30
_	0.9440063	0.621308	0.9897476	0.6381857	0.5	49.5	30
_	0.9440063	0.621308	0.9897476	0.6381857	0.5	49.5	30
_	0.9440063	0.621308	0.9897476	0.6381857	0.5	49.5	30
_	0.9440063	0.621308	0.9897476	0.6381857	0.5	49.5	30
_	0.9440063	0.621308	0.9897476	0.6381857	0.5	49.5	30
_	0.9440063	0.621308	0.9897476	0.6381857	0.5	49.5	30
_	0.9440063	0.621308	0.9897476	0.6381857	0.5	49.5	30
_	0.9440063	0.621308	0.9897476	0.6381857	0.5	49.5	30
_	0.9440063	0.621308	0.9897476	0.6381857	0.5	49.5	30
_	0.9440063	0.621308	0.9897476	0.6381857	0.5	49.5	30
_	0.9440063	0.621308	0.9897476	0.6381857	0.5	49.5	30
_	0.9440063	0.621308	0.9897476	0.6381857	0.5	49.5	30
_	0.9440063	0.621308	0.9897476	0.6381857	0.5	49.5	30
_	0.9440063	0.621308	0.9897476	0.6381857	0.5	49.5	30
_	0.9440063	0.621308	0.9897476	0.6381857	0.5	49.5	30
_	0.9440063	0.621308	0.9897476	0.6381857	0.5	49.5	30
_	0.9440063	0.621308	0.9897476	0.6381857	0.5	49.5	30
_	0.9440063	0.621308	0.9897476	0.6381857	0.5	49.5	30
_	0.9440063	0.621308	0.9897476	0.6381857	0.5	49.5	30
_	0.9440063	0.621308	0.9897476	0.6381857	0.5	49.5	30
_	0.9440063	0.621308	0.9897476	0.6381857	0.5	49.5	30
_	0.9440063	0.621308	0.9897476	0.6381857	0.5	49.5	30
_	0.9440063	0.621308	0.9897476	0.6381857	0.5	49.5	30
_	0.9440063	0.621308	0.9897476	0.6381857	0.5	49.5	30
_	0.9440063	0.621308	0.9897476	0.6381857	0.5	49.5	30
_	0.9440063	0.621308	0.9897476	0.6381857	0.5	49.5	30
_	0.9440063	0.621308	0.9897476	0.6381857	0.5	49.5	30
 	0	0	0	0	0	0	27
!	0.06230284	0.03902953	0.07807571	0.1297468	0.5	7.5	11
"	0.08911672	0.03902953	0.1175079	0.0706751	0.5	7.5	19
#	0.1285489	0.04535865	0.1805994	0.1255274	0.5	10.5	34
$	0.1916404	0.03902953	0.2294953	0.1318565	0.5	7.5	25
%	0.2405363	0.03691983	0.2988959	0.1297468	0.5	6.5	38
&	0.3099369	0.03902953	0.3809148	0.1297468	0.5	7.5	46
'	0.3919558	0.03902953	0.4045741	0.0706751	0.5	7.5	9
(	0.4156151	0.03691983	0.4408517	0.1402954	0.5	6.5	17
)	0.4518927	0.03691983	0.4787066	0.1402954	0.5	6.5	18
*	0.4897476	0.03902953	0.5291798	0.09177215	0.5	7.5	26
+	0.5402208	0.06223629	0.5828076	0.121308	0.5	18.5	28
,	0.5938486	0.1065401	0.6159306	0.1424051	0.5	39.5	15
-	0.6253943	0.08122363	0.6506309	0.1023207	-0.5	27.5	15
.	0.6600946	0.1065401	0.6758675	0.1276371	0.5	39.5	11
/	0.6869085	0.03691983	0.7421136	0.1297468	0.5	6.5	36
0	0.01025237	0.2162447	0.06545741	0.2921941	0.5	13.5	36
1	0.07649842	0.2078059	0.1064669	0.2921941	0.5	9.5	20
2	0.1175079	0.2078059	0.1679811	0.2921941	0.5	9.5	33
3	0.1790221	0.2078059	0.2105678	0.2921941	0.5	9.5	21
4	0.2216088	0.2078059	0.2705047	0.2921941	0.5	9.5	32
5	0.2815457	0.2078059	0.3178234	0.2921941	0.5	9.5	24
6	0.3288644	0.2056962	0.3698738	0.2921941	0.5	8.5	27
7	0.3809148	0.2099156	0.4282334	0.2943038	0.5	10.5	31
8	0.4392745	0.2078059	0.4802839	0.2921941	0.5	9.5	27
9	0.4913249	0.2078059	0.5339116	0.2943038	0.5	9.5	28
:	0.5449527	0.2310127	0.5623028	0.2921941	0.5	20.5	12
;	0.5733439	0.2310127	0.5954258	0.306962	0.5	20.5	15
<	0.6064669	0.228903	0.6395899	0.2879747	0.5	19.5	22
=	0.6506309	0.2331224	0.6900631	0.2795359	0.5	21.5	26
>	0.7011041	0.228903	0.7358044	0.2879747	0.5	19.5	23
?	0.7468454	0.2056962	0.7799684	0.2943038	0.5	8.5	22
@	0.01025237	0.3702532	0.07018927	0.456751	0.5	8.5	39
A	0.08123028	0.3681435	0.1474763	0.4588608	0.5	7.5	43
B	0.1585173	0.3681435	0.194795	0.456751	0.5	7.5	24
C	0.205836	0.3660338	0.2626183	0.4588608	0.5	6.5	37
D	0.2736593	0.3660338	0.3304417	0.456751	0.5	6.5	37
E	0.3414826	0.3681435	0.3777603	0.456751	0.5	7.5	24
F	0.3888013	0.3681435	0.4250789	0.456751	0.5	7.5	24
G	0.4361199	0.3660338	0.4944795	0.456751	0.5	6.5	38
H	0.5055205	0.3681435	0.5654574	0.456751	0.5	7.5	39
I	0.5764984	0.3681435	0.590694	0.456751	0.5	7.5	10
J	0.601735	0.3681435	0.6301262	0.471519	0.5	7.5	19
K	0.6411672	0.3660338	0.6963722	0.4630802	0.5	6.5	36
L	0.7074133	0.3681435	0.7436908	0.4588608	0.5	7.5	24
M	0.7547318	0.3681435	0.8304417	0.456751	0.5	7.5	49
N	0.8414826	0.3681435	0.9108833	0.4630802	0.5	7.5	45
O	0.9219243	0.3681435	0.9881703	0.456751	0.5	7.5	43
P	0.01025237	0.5327004	0.04810726	0.621308	0.5	7.5	25
Q	0.05914826	0.5327004	0.1285489	0.6255274	0.5	7.5	45
R	0.1395899	0.5327004	0.1853312	0.621308	0.5	7.5	30
S	0.1963722	0.5327004	0.2342271	0.6234177	0.5	7.5	25
T	0.2452681	0.5327004	0.2988959	0.621308	0.5	7.5	35
U	0.3099369	0.5327004	0.3698738	0.621308	0.5	7.5	39
V	0.3809148	0.5305907	0.4455836	0.621308	0.5	6.5	42
W	0.4566246	0.5305907	0.535489	0.6234177	0.5	6.5	51
X	0.5465299	0.5305907	0.6064669	0.6255274	0.5	6.5	39
Y	0.6175079	0.5305907	0.6711357	0.621308	0.5	6.5	35
Z	0.6821766	0.5327004	0.7421136	0.621308	0.5	7.5	39
[	0.7531546	0.5305907	0.7768139	0.6318566	0.5	6.5	16
\	0.7878549	0.5305907	0.84306	0.6234177	0.5	6.5	36
]	0.8541009	0.5305907	0.8777602	0.6339663	0.5	6.5	16
^	0.8888013	0.5327004	0.9329653	0.5791139	0.5	7.5	29
_	0.9440063	0.621308	0.9897476	0.6381857	0.5	49.5	30
`	0.01025237	0.6803797	0.03391167	0.7099156	0.5	-0.5	16
a	0.04495268	0.7141351	0.1033123	0.7858649	0.5	15.5	38
b	0.1143533	0.7141351	0.1522082	0.7858649	0.5	15.5	25
c	0.1632492	0.7141351	0.2152997	0.7858649	0.5	15.5	34
d	0.2263407	0.7141351	0.2783912	0.7858649	0.5	15.5	34
e	0.2894322	0.7141351	0.3257098	0.7879747	0.5	15.5	24
f	0.3367508	0.7141351	0.3714511	0.7858649	0.5	15.5	23
g	0.3824921	0.7141351	0.4329653	0.7858649	0.5	15.5	33
h	0.4440063	0.7141351	0.4976341	0.7879747	0.5	15.5	35
i	0.5086751	0.7141351	0.5228707	0.7858649	0.5	15.5	10
j	0.5339116	0.7141351	0.5559937	0.7943038	0.5	15.5	15
k	0.5670347	0.7141351	0.6159306	0.7879747	0.5	15.5	32
l	0.6269716	0.7141351	0.6632492	0.7879747	0.5	15.5	24
m	0.6742902	0.7120253	0.75	0.7858649	0.5	14.5	49
n	0.761041	0.7141351	0.8225552	0.7900844	0.5	15.5	40
o	0.8335962	0.7141351	0.8888013	0.7858649	0.5	15.5	36
p	0.01025237	0.878692	0.04652997	0.9504219	0.5	15.5	24
q	0.05757098	0.878692	0.1206625	0.9546413	0.5	15.5	41
r	0.1317035	0.878692	0.1758675	0.9525316	0.5	15.5	29
s	0.1869085	0.878692	0.2216088	0.9504219	0.5	15.5	23
t	0.2326498	0.878692	0.2799684	0.9504219	0.5	15.5	31
u	0.2910095	0.878692	0.3462145	0.9504219	0.5	15.5	36
v	0.3572555	0.8765823	0.409306	0.9525316	0.5	14.5	34
w	0.420347	0.878692	0.4976341	0.9525316	0.5	15.5	50
x	0.5086751	0.8765823	0.5607256	0.9525316	0.5	14.5	34
y	0.5717666	0.878692	0.6222398	0.9504219	0.5	15.5	33
z	0.6332808	0.878692	0.683754	0.9504219	0.5	15.5	33
{	0.694795	0.8597046	0.727918	0.9630802	0.5	6.5	22
|	0.738959	0.8575949	0.7515773	0.971519	0.5	5.5	9
}	0.7626183	0.8597046	0.7957413	0.9630802	0.5	6.5	22
59
-1	0
0.632
_