126
_	0.9405488	0.6085858	0.9771342	0.6338384	0.5	18.5	13
_	0.9405488	0.6085858	0.9771342	0.6338384	0.5	18.5	13
_	0.9405488	0.6085858	0.9771342	0.6338384	0.5	18.5	13
_	0.9405488	0.6085858	0.9771342	0.6338384	0.5	18.5	13
_	0.9405488	0.6085858	0.9771342	0.6338384	0.5	18.5	13
_	0.9405488	0.6085858	0.9771342	0.6338384	0.5	18.5	13
_	0.9405488	0.6085858	0.9771342	0.6338384	0.5	18.5	13
_	0.9405488	0.6085858	0.9771342	0.6338384	0.5	18.5	13
_	0.9405488	0.6085858	0.9771342	0.6338384	0.5	18.5	13
_	0.9405488	0.6085858	0.9771342	0.6338384	0.5	18.5	13
_	0.9405488	0.6085858	0.9771342	0.6338384	0.5	18.5	13
_	0.9405488	0.6085858	0.9771342	0.6338384	0.5	18.5	13
_	0.9405488	0.6085858	0.9771342	0.6338384	0.5	18.5	13
_	0.9405488	0.6085858	0.9771342	0.6338384	0.5	18.5	13
_	0.9405488	0.6085858	0.9771342	0.6338384	0.5	18.5	13
_	0.9405488	0.6085858	0.9771342	0.6338384	0.5	18.5	13
_	0.9405488	0.6085858	0.9771342	0.6338384	0.5	18.5	13
_	0.9405488	0.6085858	0.9771342	0.6338384	0.5	18.5	13
_	0.9405488	0.6085858	0.9771342	0.6338384	0.5	18.5	13
_	0.9405488	0.6085858	0.9771342	0.6338384	0.5	18.5	13
_	0.9405488	0.6085858	0.9771342	0.6338384	0.5	18.5	13
_	0.9405488	0.6085858	0.9771342	0.6338384	0.5	18.5	13
_	0.9405488	0.6085858	0.9771342	0.6338384	0.5	18.5	13
_	0.9405488	0.6085858	0.9771342	0.6338384	0.5	18.5	13
_	0.9405488	0.6085858	0.9771342	0.6338384	0.5	18.5	13
_	0.9405488	0.6085858	0.9771342	0.6338384	0.5	18.5	13
_	0.9405488	0.6085858	0.9771342	0.6338384	0.5	18.5	13
_	0.9405488	0.6085858	0.9771342	0.6338384	0.5	18.5	13
_	0.9405488	0.6085858	0.9771342	0.6338384	0.5	18.5	13
_	0.9405488	0.6085858	0.9771342	0.6338384	0.5	18.5	13
_	0.9405488	0.6085858	0.9771342	0.6338384	0.5	18.5	13
_	0.9405488	0.6085858	0.9771342	0.6338384	0.5	18.5	13
 	0	0	0	0	0	0	16
!	0.08689024	0.0530303	0.1021341	0.1388889	0.5	4.5	6
"	0.1234756	0.0530303	0.1478658	0.08838384	0.5	4.5	9
#	0.1692073	0.05808081	0.2088415	0.1338384	0.5	5.5	14
$	0.2301829	0.0530303	0.2606707	0.1388889	0.5	4.5	11
%	0.2820122	0.0479798	0.3277439	0.1338384	0.5	3.5	16
&	0.3490854	0.0530303	0.4039634	0.1338384	0.5	4.5	19
'	0.4253049	0.0530303	0.4375	0.08838384	0.5	4.5	5
(	0.4588415	0.0479798	0.4832317	0.1439394	0.5	3.5	9
)	0.5045732	0.0479798	0.5289634	0.1439394	0.5	3.5	9
*	0.5503049	0.0530303	0.5838414	0.1035354	0.5	4.5	12
+	0.6051829	0.06818182	0.6387195	0.1287879	0.5	7.5	12
,	0.660061	0.1085859	0.6783537	0.1439394	0.5	15.5	7
-	0.6966463	0.08838384	0.7240854	0.1136364	-0.5	11.5	8
.	0.7423781	0.1085859	0.7576219	0.1338384	0.5	15.5	6
/	0.7789634	0.0479798	0.8216463	0.1338384	0.5	3.5	15
0	0.01981707	0.2247475	0.0625	0.2954545	0.5	6.5	15
1	0.08384147	0.2146465	0.1082317	0.2954545	0.5	4.5	9
2	0.1295732	0.2146465	0.1692073	0.2954545	0.5	4.5	14
3	0.1905488	0.2146465	0.2179878	0.2954545	0.5	4.5	10
4	0.2393293	0.2146465	0.2789634	0.2954545	0.5	4.5	14
5	0.3003049	0.2146465	0.3307927	0.2954545	0.5	4.5	11
6	0.3521341	0.2146465	0.3856707	0.2954545	0.5	4.5	12
7	0.4070122	0.219697	0.4435976	0.2954545	0.5	5.5	13
8	0.464939	0.2146465	0.4984756	0.2954545	0.5	4.5	12
9	0.5198171	0.2146465	0.5533537	0.2954545	0.5	4.5	12
:	0.5746951	0.2348485	0.589939	0.2954545	0.5	8.5	6
;	0.6112805	0.2348485	0.6295732	0.3055556	0.5	8.5	7
<	0.6509146	0.2348485	0.6783537	0.2904041	0.5	8.5	10
=	0.6996951	0.239899	0.7332317	0.2853535	0.5	9.5	12
>	0.7545732	0.2348485	0.7820122	0.2904041	0.5	8.5	10
?	0.8033537	0.2146465	0.8307927	0.300505	0.5	4.5	10
@	0.01981707	0.3762626	0.06859756	0.4570707	0.5	4.5	17
A	0.08993903	0.3762626	0.1387195	0.4570707	0.5	4.5	17
B	0.160061	0.3712121	0.1905488	0.4570707	0.5	3.5	11
C	0.2118903	0.3712121	0.2545732	0.4570707	0.5	3.5	15
D	0.2759146	0.3712121	0.3216463	0.4570707	0.5	3.5	16
E	0.3429878	0.3712121	0.3734756	0.4570707	0.5	3.5	11
F	0.3948171	0.3712121	0.4253049	0.4570707	0.5	3.5	11
G	0.4466463	0.3712121	0.4893293	0.4570707	0.5	3.5	15
H	0.5106707	0.3712121	0.5594512	0.4570707	0.5	3.5	17
I	0.5807927	0.3762626	0.5960366	0.4570707	0.5	4.5	6
J	0.6173781	0.3762626	0.6417683	0.4671717	0.5	4.5	9
K	0.6631098	0.3712121	0.7057927	0.4621212	0.5	3.5	15
L	0.7271342	0.3712121	0.7576219	0.4570707	0.5	3.5	11
M	0.7789634	0.3762626	0.8368902	0.4570707	0.5	4.5	20
N	0.8582317	0.3762626	0.910061	0.4621212	0.5	4.5	18
O	0.9314024	0.3712121	0.9801829	0.4570707	0.5	3.5	17
P	0.01981707	0.5328283	0.05335366	0.6186869	0.5	3.5	12
Q	0.07469513	0.5328283	0.1265244	0.6237374	0.5	3.5	18
R	0.1478658	0.5328283	0.1844512	0.6186869	0.5	3.5	13
S	0.2057927	0.5328283	0.2362805	0.6186869	0.5	3.5	11
T	0.2576219	0.5328283	0.3003049	0.6186869	0.5	3.5	15
U	0.3216463	0.5378788	0.3704268	0.6186869	0.5	4.5	17
V	0.3917683	0.5328283	0.4405488	0.6186869	0.5	3.5	17
W	0.4618903	0.5328283	0.5198171	0.6186869	0.5	3.5	20
X	0.5411586	0.5328283	0.5868902	0.6237374	0.5	3.5	16
Y	0.6082317	0.5328283	0.6478658	0.6186869	0.5	3.5	14
Z	0.6692073	0.5378788	0.714939	0.6186869	0.5	4.5	16
[	0.7362805	0.5328283	0.7576219	0.6287879	0.5	3.5	8
\	0.7789634	0.5328283	0.8216463	0.6186869	0.5	3.5	15
]	0.8429878	0.5328283	0.8643293	0.6287879	0.5	3.5	8
^	0.8856707	0.5378788	0.9192073	0.5833333	0.5	4.5	12
_	0.9405488	0.6085858	0.9771342	0.6338384	0.5	18.5	13
`	0.01981707	0.6742424	0.04115854	0.709596	0.5	-0.5	8
a	0.0625	0.709596	0.1051829	0.780303	0.5	6.5	15
b	0.1265244	0.709596	0.160061	0.780303	0.5	6.5	12
c	0.1814024	0.7146465	0.2210366	0.780303	0.5	7.5	14
d	0.2423781	0.709596	0.2820122	0.780303	0.5	6.5	14
e	0.3033537	0.709596	0.3338415	0.780303	0.5	6.5	11
f	0.3551829	0.709596	0.3856707	0.780303	0.5	6.5	11
g	0.4070122	0.7146465	0.4466463	0.780303	0.5	7.5	14
h	0.4679878	0.709596	0.5106707	0.780303	0.5	6.5	15
i	0.5320122	0.709596	0.5472561	0.780303	0.5	6.5	6
j	0.5685976	0.709596	0.589939	0.7853535	0.5	6.5	8
k	0.6112805	0.709596	0.6509146	0.780303	0.5	6.5	14
l	0.6722561	0.709596	0.7027439	0.780303	0.5	6.5	11
m	0.7240854	0.709596	0.7820122	0.780303	0.5	6.5	20
n	0.8033537	0.709596	0.8490854	0.7853535	0.5	6.5	16
o	0.8704268	0.7146465	0.9131098	0.780303	0.5	7.5	15
p	0.01981707	0.8712121	0.05030488	0.9419192	0.5	6.5	11
q	0.07164634	0.8762626	0.117378	0.9469697	0.5	7.5	16
r	0.1387195	0.8712121	0.1753049	0.9419192	0.5	6.5	13
s	0.1966463	0.8712121	0.2240854	0.9419192	0.5	6.5	10
t	0.2454268	0.8712121	0.2820122	0.9419192	0.5	6.5	13
u	0.3033537	0.8712121	0.3460366	0.9419192	0.5	6.5	15
v	0.3673781	0.8712121	0.4070122	0.9419192	0.5	6.5	14
w	0.4283537	0.8712121	0.4862805	0.9419192	0.5	6.5	20
x	0.5076219	0.8712121	0.5503049	0.9419192	0.5	6.5	15
y	0.5716463	0.8712121	0.6112805	0.9419192	0.5	6.5	14
z	0.6326219	0.8712121	0.6722561	0.9419192	0.5	6.5	14
{	0.6935976	0.8560606	0.7210366	0.9520202	0.5	3.5	10
|	0.7423781	0.8560606	0.7545732	0.9621212	0.5	3.5	5
}	0.7759146	0.8560606	0.8064024	0.9520202	0.5	3.5	11
24
-1	0
0.632
_