123
_	0.9344828	0.6090909	0.9965518	0.6454545	-0.5	5.5	8
_	0.9344828	0.6090909	0.9965518	0.6454545	-0.5	5.5	8
_	0.9344828	0.6090909	0.9965518	0.6454545	-0.5	5.5	8
_	0.9344828	0.6090909	0.9965518	0.6454545	-0.5	5.5	8
_	0.9344828	0.6090909	0.9965518	0.6454545	-0.5	5.5	8
_	0.9344828	0.6090909	0.9965518	0.6454545	-0.5	5.5	8
_	0.9344828	0.6090909	0.9965518	0.6454545	-0.5	5.5	8
_	0.9344828	0.6090909	0.9965518	0.6454545	-0.5	5.5	8
_	0.9344828	0.6090909	0.9965518	0.6454545	-0.5	5.5	8
_	0.9344828	0.6090909	0.9965518	0.6454545	-0.5	5.5	8
_	0.9344828	0.6090909	0.9965518	0.6454545	-0.5	5.5	8
_	0.9344828	0.6090909	0.9965518	0.6454545	-0.5	5.5	8
_	0.9344828	0.6090909	0.9965518	0.6454545	-0.5	5.5	8
_	0.9344828	0.6090909	0.9965518	0.6454545	-0.5	5.5	8
_	0.9344828	0.6090909	0.9965518	0.6454545	-0.5	5.5	8
_	0.9344828	0.6090909	0.9965518	0.6454545	-0.5	5.5	8
_	0.9344828	0.6090909	0.9965518	0.6454545	-0.5	5.5	8
_	0.9344828	0.6090909	0.9965518	0.6454545	-0.5	5.5	8
_	0.9344828	0.6090909	0.9965518	0.6454545	-0.5	5.5	8
_	0.9344828	0.6090909	0.9965518	0.6454545	-0.5	5.5	8
_	0.9344828	0.6090909	0.9965518	0.6454545	-0.5	5.5	8
_	0.9344828	0.6090909	0.9965518	0.6454545	-0.5	5.5	8
_	0.9344828	0.6090909	0.9965518	0.6454545	-0.5	5.5	8
_	0.9344828	0.6090909	0.9965518	0.6454545	-0.5	5.5	8
_	0.9344828	0.6090909	0.9965518	0.6454545	-0.5	5.5	8
_	0.9344828	0.6090909	0.9965518	0.6454545	-0.5	5.5	8
_	0.9344828	0.6090909	0.9965518	0.6454545	-0.5	5.5	8
_	0.9344828	0.6090909	0.9965518	0.6454545	-0.5	5.5	8
_	0.9344828	0.6090909	0.9965518	0.6454545	-0.5	5.5	8
_	0.9344828	0.6090909	0.9965518	0.6454545	-0.5	5.5	8
_	0.9344828	0.6090909	0.9965518	0.6454545	-0.5	5.5	8
_	0.9344828	0.6090909	0.9965518	0.6454545	-0.5	5.5	8
 	0	0	0	0	0	0	8
!	0.0862069	0.02727273	0.1068965	0.1545455	2.5	0.5	8
"	0.1344828	0.02727273	0.1827586	0.1	0.5	0.5	8
#	0.1896552	0.02727273	0.2517241	0.1545455	-0.5	0.5	8
$	0.2586207	0.009090909	0.3068965	0.1545455	0.5	-0.5	8
%	0.3206896	0.02727273	0.3689655	0.1545455	0.5	0.5	8
&	0.3827586	0.009090909	0.437931	0.1545455	0.5	-0.5	8
'	0.4586207	0.02727273	0.4793103	0.1	2.5	0.5	8
(	0.5206897	0.02727273	0.5551724	0.1545455	2.5	0.5	8
)	0.5689655	0.02727273	0.6034483	0.1545455	0.5	0.5	8
*	0.6241379	0.02727273	0.6862069	0.1363636	-0.5	0.5	8
+	0.6931034	0.02727273	0.7413793	0.1363636	0.5	0.5	8
,	0.762069	0.1	0.7896551	0.1727273	1.5	4.5	8
-	0.8172414	0.06363636	0.8655173	0.1	0.5	2.5	8
.	0.8931034	0.1	0.9137931	0.1545455	2.5	4.5	8
/	0.9413793	0.02727273	0.9896552	0.1545455	0.5	0.5	8
0	0.01034483	0.1909091	0.05862069	0.3181818	0.5	0.5	8
1	0.07241379	0.1909091	0.1206897	0.3181818	0.5	0.5	8
2	0.1344828	0.1909091	0.1827586	0.3181818	0.5	0.5	8
3	0.1965517	0.1909091	0.2448276	0.3181818	0.5	0.5	8
4	0.2586207	0.1909091	0.3068965	0.3181818	0.5	0.5	8
5	0.3206896	0.1909091	0.3689655	0.3181818	0.5	0.5	8
6	0.3827586	0.1909091	0.4310345	0.3181818	0.5	0.5	8
7	0.4448276	0.1909091	0.4931034	0.3181818	0.5	0.5	8
8	0.5068966	0.1909091	0.5551724	0.3181818	0.5	0.5	8
9	0.5689655	0.1909091	0.6172414	0.3181818	0.5	0.5	8
:	0.6448276	0.2090909	0.6655173	0.3181818	2.5	1.5	8
;	0.7	0.2090909	0.7275862	0.3363636	1.5	1.5	8
<	0.762069	0.1727273	0.8034483	0.3181818	1.5	-0.5	8
=	0.8172414	0.2090909	0.8655173	0.3	0.5	1.5	8
>	0.8793104	0.1727273	0.9206896	0.3181818	0.5	-0.5	8
?	0.9413793	0.1909091	0.9896552	0.3181818	0.5	0.5	8
@	0.01034483	0.3545454	0.05862069	0.4818182	0.5	0.5	8
A	0.07241379	0.3545454	0.1206897	0.4818182	0.5	0.5	8
B	0.1344828	0.3545454	0.1827586	0.4818182	0.5	0.5	8
C	0.1965517	0.3545454	0.2448276	0.4818182	0.5	0.5	8
D	0.2586207	0.3545454	0.3068965	0.4818182	0.5	0.5	8
E	0.3206896	0.3545454	0.3689655	0.4818182	0.5	0.5	8
F	0.3827586	0.3545454	0.4310345	0.4818182	0.5	0.5	8
G	0.4448276	0.3545454	0.4931034	0.4818182	0.5	0.5	8
H	0.5068966	0.3545454	0.5551724	0.4818182	0.5	0.5	8
I	0.5689655	0.3545454	0.6172414	0.4818182	0.5	0.5	8
J	0.6310345	0.3545454	0.6793103	0.4818182	0.5	0.5	8
K	0.6931034	0.3545454	0.7413793	0.4818182	0.5	0.5	8
L	0.7551724	0.3545454	0.8034483	0.4818182	0.5	0.5	8
M	0.8172414	0.3545454	0.8724138	0.4818182	0.5	0.5	8
N	0.8793104	0.3545454	0.9275862	0.4818182	0.5	0.5	8
O	0.9413793	0.3545454	0.9896552	0.4818182	0.5	0.5	8
P	0.01034483	0.5181818	0.05862069	0.6454545	0.5	0.5	8
Q	0.07241379	0.5181818	0.1206897	0.6454545	0.5	0.5	8
R	0.1344828	0.5181818	0.1827586	0.6454545	0.5	0.5	8
S	0.1965517	0.5181818	0.2448276	0.6454545	0.5	0.5	8
T	0.2586207	0.5181818	0.3068965	0.6454545	0.5	0.5	8
U	0.3206896	0.5181818	0.3689655	0.6454545	0.5	0.5	8
V	0.3827586	0.5181818	0.4310345	0.6454545	0.5	0.5	8
W	0.4448276	0.5181818	0.5	0.6454545	0.5	0.5	8
X	0.5068966	0.5181818	0.5551724	0.6454545	0.5	0.5	8
Y	0.5689655	0.5181818	0.6172414	0.6454545	0.5	0.5	8
Z	0.6310345	0.5181818	0.6793103	0.6454545	0.5	0.5	8
[	0.7068965	0.5181818	0.7413793	0.6454545	2.5	0.5	8
\	0.7551724	0.5181818	0.8034483	0.6454545	0.5	0.5	8
]	0.8172414	0.5181818	0.8517241	0.6454545	0.5	0.5	8
^	0.8793104	0.5181818	0.9344828	0.6090909	0.5	0.5	8
_	0.9344828	0.6090909	0.9965518	0.6454545	-0.5	5.5	8
`	0.01034483	0.6818182	0.05862069	0.8090909	0.5	0.5	8
a	0.07241379	0.7	0.1206897	0.8090909	0.5	1.5	8
b	0.1344828	0.6818182	0.1827586	0.8090909	0.5	0.5	8
c	0.1965517	0.7	0.237931	0.8090909	0.5	1.5	8
d	0.2586207	0.6818182	0.3068965	0.8090909	0.5	0.5	8
e	0.3206896	0.7	0.3689655	0.8090909	0.5	1.5	8
f	0.3896552	0.6818182	0.4310345	0.8090909	1.5	0.5	8
g	0.4448276	0.7	0.4931034	0.8272727	0.5	1.5	8
h	0.5068966	0.6818182	0.5551724	0.8090909	0.5	0.5	8
i	0.5758621	0.6818182	0.6103448	0.8090909	1.5	0.5	8
j	0.637931	0.6818182	0.6793103	0.8272727	1.5	0.5	8
k	0.6931034	0.6818182	0.7413793	0.8090909	0.5	0.5	8
l	0.762069	0.6818182	0.7965517	0.8090909	1.5	0.5	8
m	0.8172414	0.7	0.8724138	0.8090909	0.5	1.5	8
n	0.8793104	0.7	0.9275862	0.8090909	0.5	1.5	8
o	0.9413793	0.7	0.9896552	0.8090909	0.5	1.5	8
p	0.01034483	0.8636364	0.05862069	0.9909091	0.5	1.5	8
q	0.07241379	0.8636364	0.1206897	0.9909091	0.5	1.5	8
r	0.1344828	0.8636364	0.1827586	0.9727273	0.5	1.5	8
s	0.1965517	0.8636364	0.2448276	0.9727273	0.5	1.5	8
t	0.2586207	0.8454546	0.3068965	0.9727273	0.5	0.5	8
u	0.3206896	0.8636364	0.3689655	0.9727273	0.5	1.5	8
v	0.3827586	0.8636364	0.4310345	0.9727273	0.5	1.5	8
w	0.4448276	0.8636364	0.5	0.9727273	0.5	1.5	8
x	0.5068966	0.8636364	0.5551724	0.9727273	0.5	1.5	8
y	0.5689655	0.8636364	0.6172414	0.9909091	0.5	1.5	8
z	0.6310345	0.8636364	0.6793103	0.9727273	0.5	1.5	8
8
0	0
1
_